[2025-07-28T12:41:07.726+0000] {local_task_job_runner.py:120} INFO - ::group::Pre task execution logs
[2025-07-28T12:41:07.943+0000] {taskinstance.py:2073} INFO - Dependencies all met for dep_context=non-requeueable deps ti=<TaskInstance: financial_etl_dag.transform_data manual__2025-07-28T12:41:01.472973+00:00 [queued]>
[2025-07-28T12:41:07.954+0000] {taskinstance.py:2073} INFO - Dependencies all met for dep_context=requeueable deps ti=<TaskInstance: financial_etl_dag.transform_data manual__2025-07-28T12:41:01.472973+00:00 [queued]>
[2025-07-28T12:41:07.955+0000] {taskinstance.py:2303} INFO - Starting attempt 1 of 2
[2025-07-28T12:41:07.975+0000] {taskinstance.py:2327} INFO - Executing <Task(PythonOperator): transform_data> on 2025-07-28 12:41:01.472973+00:00
[2025-07-28T12:41:07.988+0000] {standard_task_runner.py:90} INFO - Running: ['***', 'tasks', 'run', 'financial_etl_dag', 'transform_data', 'manual__2025-07-28T12:41:01.472973+00:00', '--job-id', '97', '--raw', '--subdir', 'DAGS_FOLDER/financial_etl_dag.py', '--cfg-path', '/tmp/tmp3kdz4gze']
[2025-07-28T12:41:07.993+0000] {standard_task_runner.py:91} INFO - Job 97: Subtask transform_data
[2025-07-28T12:41:07.994+0000] {logging_mixin.py:188} WARNING - /home/***/.local/lib/python3.12/site-packages/***/task/task_runner/standard_task_runner.py:61 DeprecationWarning: This process (pid=190) is multi-threaded, use of fork() may lead to deadlocks in the child.
[2025-07-28T12:41:07.995+0000] {standard_task_runner.py:63} INFO - Started process 192 to run task
[2025-07-28T12:41:08.135+0000] {task_command.py:426} INFO - Running <TaskInstance: financial_etl_dag.transform_data manual__2025-07-28T12:41:01.472973+00:00 [running]> on host 3fd530ef422e
[2025-07-28T12:41:08.345+0000] {taskinstance.py:2644} INFO - Exporting env vars: AIRFLOW_CTX_DAG_OWNER='***' AIRFLOW_CTX_DAG_ID='financial_etl_dag' AIRFLOW_CTX_TASK_ID='transform_data' AIRFLOW_CTX_EXECUTION_DATE='2025-07-28T12:41:01.472973+00:00' AIRFLOW_CTX_TRY_NUMBER='1' AIRFLOW_CTX_DAG_RUN_ID='manual__2025-07-28T12:41:01.472973+00:00'
[2025-07-28T12:41:08.347+0000] {taskinstance.py:430} INFO - ::endgroup::
[2025-07-28T12:41:08.475+0000] {logging_mixin.py:188} INFO - [TRANSFORM] Cleaned data saved to /opt/***/dags/data/curated_transactions.csv
[2025-07-28T12:41:08.496+0000] {python.py:237} INFO - Done. Returned value was: None
[2025-07-28T12:41:08.497+0000] {taskinstance.py:441} INFO - ::group::Post task execution logs
[2025-07-28T12:41:08.510+0000] {taskinstance.py:1205} INFO - Marking task as SUCCESS. dag_id=financial_etl_dag, task_id=transform_data, execution_date=20250728T124101, start_date=20250728T124107, end_date=20250728T124108
[2025-07-28T12:41:08.572+0000] {local_task_job_runner.py:240} INFO - Task exited with return code 0
[2025-07-28T12:41:08.606+0000] {logging_mixin.py:188} WARNING - /home/***/.local/lib/python3.12/site-packages/***/models/baseoperator.py:1296 AirflowProviderDeprecationWarning: Call to deprecated class PostgresOperator. (Please use `***.providers.common.sql.operators.sql.SQLExecuteQueryOperator`.Also, you can provide `hook_params={'schema': <database>}`.)
[2025-07-28T12:41:08.639+0000] {taskinstance.py:3482} INFO - 1 downstream tasks scheduled from follow-on schedule check
[2025-07-28T12:41:08.646+0000] {local_task_job_runner.py:222} INFO - ::endgroup::
