[2025-07-28T14:04:55.733+0000] {local_task_job_runner.py:120} INFO - ::group::Pre task execution logs
[2025-07-28T14:04:55.952+0000] {taskinstance.py:2073} INFO - Dependencies all met for dep_context=non-requeueable deps ti=<TaskInstance: financial_etl_dag.transform_data manual__2025-07-28T14:04:51.912661+00:00 [queued]>
[2025-07-28T14:04:55.960+0000] {taskinstance.py:2073} INFO - Dependencies all met for dep_context=requeueable deps ti=<TaskInstance: financial_etl_dag.transform_data manual__2025-07-28T14:04:51.912661+00:00 [queued]>
[2025-07-28T14:04:55.961+0000] {taskinstance.py:2303} INFO - Starting attempt 1 of 2
[2025-07-28T14:04:55.975+0000] {taskinstance.py:2327} INFO - Executing <Task(PythonOperator): transform_data> on 2025-07-28 14:04:51.912661+00:00
[2025-07-28T14:04:55.986+0000] {standard_task_runner.py:90} INFO - Running: ['***', 'tasks', 'run', 'financial_etl_dag', 'transform_data', 'manual__2025-07-28T14:04:51.912661+00:00', '--job-id', '116', '--raw', '--subdir', 'DAGS_FOLDER/financial_etl_dag.py', '--cfg-path', '/tmp/tmp2fmkz0bi']
[2025-07-28T14:04:55.989+0000] {logging_mixin.py:188} WARNING - /home/***/.local/lib/python3.12/site-packages/***/task/task_runner/standard_task_runner.py:61 DeprecationWarning: This process (pid=190) is multi-threaded, use of fork() may lead to deadlocks in the child.
[2025-07-28T14:04:55.990+0000] {standard_task_runner.py:91} INFO - Job 116: Subtask transform_data
[2025-07-28T14:04:55.990+0000] {standard_task_runner.py:63} INFO - Started process 192 to run task
[2025-07-28T14:04:56.087+0000] {task_command.py:426} INFO - Running <TaskInstance: financial_etl_dag.transform_data manual__2025-07-28T14:04:51.912661+00:00 [running]> on host c9a4a3294b33
[2025-07-28T14:04:56.219+0000] {taskinstance.py:2644} INFO - Exporting env vars: AIRFLOW_CTX_DAG_OWNER='***' AIRFLOW_CTX_DAG_ID='financial_etl_dag' AIRFLOW_CTX_TASK_ID='transform_data' AIRFLOW_CTX_EXECUTION_DATE='2025-07-28T14:04:51.912661+00:00' AIRFLOW_CTX_TRY_NUMBER='1' AIRFLOW_CTX_DAG_RUN_ID='manual__2025-07-28T14:04:51.912661+00:00'
[2025-07-28T14:04:56.221+0000] {taskinstance.py:430} INFO - ::endgroup::
[2025-07-28T14:04:56.313+0000] {logging_mixin.py:188} INFO - [TRANSFORM] Saved curated data to /opt/***/dags/data/curated_transactions.csv
[2025-07-28T14:04:56.344+0000] {python.py:237} INFO - Done. Returned value was: None
[2025-07-28T14:04:56.347+0000] {taskinstance.py:441} INFO - ::group::Post task execution logs
[2025-07-28T14:04:56.363+0000] {taskinstance.py:1205} INFO - Marking task as SUCCESS. dag_id=financial_etl_dag, task_id=transform_data, execution_date=20250728T140451, start_date=20250728T140455, end_date=20250728T140456
[2025-07-28T14:04:56.406+0000] {local_task_job_runner.py:240} INFO - Task exited with return code 0
[2025-07-28T14:04:56.420+0000] {logging_mixin.py:188} WARNING - /home/***/.local/lib/python3.12/site-packages/***/models/baseoperator.py:1296 AirflowProviderDeprecationWarning: Call to deprecated class PostgresOperator. (Please use `***.providers.common.sql.operators.sql.SQLExecuteQueryOperator`.Also, you can provide `hook_params={'schema': <database>}`.)
[2025-07-28T14:04:56.465+0000] {taskinstance.py:3482} INFO - 1 downstream tasks scheduled from follow-on schedule check
[2025-07-28T14:04:56.468+0000] {local_task_job_runner.py:222} INFO - ::endgroup::
