[2025-07-28T12:43:41.469+0000] {local_task_job_runner.py:120} INFO - ::group::Pre task execution logs
[2025-07-28T12:43:41.668+0000] {taskinstance.py:2073} INFO - Dependencies all met for dep_context=non-requeueable deps ti=<TaskInstance: financial_etl_dag.transform_data manual__2025-07-28T12:43:36.590512+00:00 [queued]>
[2025-07-28T12:43:41.677+0000] {taskinstance.py:2073} INFO - Dependencies all met for dep_context=requeueable deps ti=<TaskInstance: financial_etl_dag.transform_data manual__2025-07-28T12:43:36.590512+00:00 [queued]>
[2025-07-28T12:43:41.678+0000] {taskinstance.py:2303} INFO - Starting attempt 1 of 2
[2025-07-28T12:43:41.690+0000] {taskinstance.py:2327} INFO - Executing <Task(PythonOperator): transform_data> on 2025-07-28 12:43:36.590512+00:00
[2025-07-28T12:43:41.701+0000] {standard_task_runner.py:90} INFO - Running: ['***', 'tasks', 'run', 'financial_etl_dag', 'transform_data', 'manual__2025-07-28T12:43:36.590512+00:00', '--job-id', '101', '--raw', '--subdir', 'DAGS_FOLDER/financial_etl_dag.py', '--cfg-path', '/tmp/tmp5pzn0_tj']
[2025-07-28T12:43:41.704+0000] {logging_mixin.py:188} WARNING - /home/***/.local/lib/python3.12/site-packages/***/task/task_runner/standard_task_runner.py:61 DeprecationWarning: This process (pid=324) is multi-threaded, use of fork() may lead to deadlocks in the child.
[2025-07-28T12:43:41.706+0000] {standard_task_runner.py:91} INFO - Job 101: Subtask transform_data
[2025-07-28T12:43:41.706+0000] {standard_task_runner.py:63} INFO - Started process 326 to run task
[2025-07-28T12:43:41.804+0000] {task_command.py:426} INFO - Running <TaskInstance: financial_etl_dag.transform_data manual__2025-07-28T12:43:36.590512+00:00 [running]> on host 3fd530ef422e
[2025-07-28T12:43:41.911+0000] {taskinstance.py:2644} INFO - Exporting env vars: AIRFLOW_CTX_DAG_OWNER='***' AIRFLOW_CTX_DAG_ID='financial_etl_dag' AIRFLOW_CTX_TASK_ID='transform_data' AIRFLOW_CTX_EXECUTION_DATE='2025-07-28T12:43:36.590512+00:00' AIRFLOW_CTX_TRY_NUMBER='1' AIRFLOW_CTX_DAG_RUN_ID='manual__2025-07-28T12:43:36.590512+00:00'
[2025-07-28T12:43:41.915+0000] {taskinstance.py:430} INFO - ::endgroup::
[2025-07-28T12:43:41.973+0000] {logging_mixin.py:188} INFO - [TRANSFORM] Saved curated data to /opt/***/dags/data/curated_transactions.csv
[2025-07-28T12:43:41.989+0000] {python.py:237} INFO - Done. Returned value was: None
[2025-07-28T12:43:41.990+0000] {taskinstance.py:441} INFO - ::group::Post task execution logs
[2025-07-28T12:43:42.000+0000] {taskinstance.py:1205} INFO - Marking task as SUCCESS. dag_id=financial_etl_dag, task_id=transform_data, execution_date=20250728T124336, start_date=20250728T124341, end_date=20250728T124342
[2025-07-28T12:43:42.044+0000] {local_task_job_runner.py:240} INFO - Task exited with return code 0
[2025-07-28T12:43:42.060+0000] {logging_mixin.py:188} WARNING - /home/***/.local/lib/python3.12/site-packages/***/models/baseoperator.py:1296 AirflowProviderDeprecationWarning: Call to deprecated class PostgresOperator. (Please use `***.providers.common.sql.operators.sql.SQLExecuteQueryOperator`.Also, you can provide `hook_params={'schema': <database>}`.)
[2025-07-28T12:43:42.073+0000] {taskinstance.py:3482} INFO - 1 downstream tasks scheduled from follow-on schedule check
[2025-07-28T12:43:42.077+0000] {local_task_job_runner.py:222} INFO - ::endgroup::
