[2025-07-28T17:43:53.517+0000] {local_task_job_runner.py:120} INFO - ::group::Pre task execution logs
[2025-07-28T17:43:53.541+0000] {taskinstance.py:2073} INFO - Dependencies all met for dep_context=non-requeueable deps ti=<TaskInstance: financial_etl_pipeline.transform_data manual__2025-07-28T17:43:49.228925+00:00 [queued]>
[2025-07-28T17:43:53.549+0000] {taskinstance.py:2073} INFO - Dependencies all met for dep_context=requeueable deps ti=<TaskInstance: financial_etl_pipeline.transform_data manual__2025-07-28T17:43:49.228925+00:00 [queued]>
[2025-07-28T17:43:53.550+0000] {taskinstance.py:2303} INFO - Starting attempt 1 of 1
[2025-07-28T17:43:53.719+0000] {taskinstance.py:2327} INFO - Executing <Task(PythonOperator): transform_data> on 2025-07-28 17:43:49.228925+00:00
[2025-07-28T17:43:53.729+0000] {logging_mixin.py:188} WARNING - /home/***/.local/lib/python3.12/site-packages/***/task/task_runner/standard_task_runner.py:61 DeprecationWarning: This process (pid=8047) is multi-threaded, use of fork() may lead to deadlocks in the child.
[2025-07-28T17:43:53.726+0000] {standard_task_runner.py:90} INFO - Running: ['***', 'tasks', 'run', 'financial_etl_pipeline', 'transform_data', 'manual__2025-07-28T17:43:49.228925+00:00', '--job-id', '125', '--raw', '--subdir', 'DAGS_FOLDER/financial_etl_dag.py', '--cfg-path', '/tmp/tmpqe3brstx']
[2025-07-28T17:43:53.730+0000] {standard_task_runner.py:63} INFO - Started process 8049 to run task
[2025-07-28T17:43:53.730+0000] {standard_task_runner.py:91} INFO - Job 125: Subtask transform_data
[2025-07-28T17:43:53.797+0000] {task_command.py:426} INFO - Running <TaskInstance: financial_etl_pipeline.transform_data manual__2025-07-28T17:43:49.228925+00:00 [running]> on host c9a4a3294b33
[2025-07-28T17:43:53.875+0000] {taskinstance.py:2644} INFO - Exporting env vars: AIRFLOW_CTX_DAG_OWNER='***' AIRFLOW_CTX_DAG_ID='financial_etl_pipeline' AIRFLOW_CTX_TASK_ID='transform_data' AIRFLOW_CTX_EXECUTION_DATE='2025-07-28T17:43:49.228925+00:00' AIRFLOW_CTX_TRY_NUMBER='1' AIRFLOW_CTX_DAG_RUN_ID='manual__2025-07-28T17:43:49.228925+00:00'
[2025-07-28T17:43:53.876+0000] {taskinstance.py:430} INFO - ::endgroup::
[2025-07-28T17:43:53.953+0000] {taskinstance.py:441} INFO - ::group::Post task execution logs
[2025-07-28T17:43:53.954+0000] {taskinstance.py:2890} ERROR - Task failed with exception
Traceback (most recent call last):
  File "/home/airflow/.local/lib/python3.12/site-packages/airflow/models/taskinstance.py", line 465, in _execute_task
    result = _execute_callable(context=context, **execute_callable_kwargs)
             ^^^^^^^^^^^^^^^^^^^^^^^^^^^^^^^^^^^^^^^^^^^^^^^^^^^^^^^^^^^^^
  File "/home/airflow/.local/lib/python3.12/site-packages/airflow/models/taskinstance.py", line 432, in _execute_callable
    return execute_callable(context=context, **execute_callable_kwargs)
           ^^^^^^^^^^^^^^^^^^^^^^^^^^^^^^^^^^^^^^^^^^^^^^^^^^^^^^^^^^^^
  File "/home/airflow/.local/lib/python3.12/site-packages/airflow/models/baseoperator.py", line 400, in wrapper
    return func(self, *args, **kwargs)
           ^^^^^^^^^^^^^^^^^^^^^^^^^^^
  File "/home/airflow/.local/lib/python3.12/site-packages/airflow/operators/python.py", line 235, in execute
    return_value = self.execute_callable()
                   ^^^^^^^^^^^^^^^^^^^^^^^
  File "/home/airflow/.local/lib/python3.12/site-packages/airflow/operators/python.py", line 252, in execute_callable
    return self.python_callable(*self.op_args, **self.op_kwargs)
           ^^^^^^^^^^^^^^^^^^^^^^^^^^^^^^^^^^^^^^^^^^^^^^^^^^^^^
  File "/opt/airflow/dags/financial_etl_dag.py", line 41, in transform_data
    df.to_csv(curated_file_path, index=False)
  File "/home/airflow/.local/lib/python3.12/site-packages/pandas/core/generic.py", line 3902, in to_csv
    return DataFrameRenderer(formatter).to_csv(
           ^^^^^^^^^^^^^^^^^^^^^^^^^^^^^^^^^^^^
  File "/home/airflow/.local/lib/python3.12/site-packages/pandas/io/formats/format.py", line 1152, in to_csv
    csv_formatter.save()
  File "/home/airflow/.local/lib/python3.12/site-packages/pandas/io/formats/csvs.py", line 247, in save
    with get_handle(
         ^^^^^^^^^^^
  File "/home/airflow/.local/lib/python3.12/site-packages/pandas/io/common.py", line 739, in get_handle
    check_parent_directory(str(handle))
  File "/home/airflow/.local/lib/python3.12/site-packages/pandas/io/common.py", line 604, in check_parent_directory
    raise OSError(rf"Cannot save file into a non-existent directory: '{parent}'")
OSError: Cannot save file into a non-existent directory: '/opt/***/dags/data/curated'
[2025-07-28T17:43:53.994+0000] {taskinstance.py:1205} INFO - Marking task as FAILED. dag_id=financial_etl_pipeline, task_id=transform_data, execution_date=20250728T174349, start_date=20250728T174353, end_date=20250728T174353
[2025-07-28T17:43:54.014+0000] {standard_task_runner.py:110} ERROR - Failed to execute job 125 for task transform_data (Cannot save file into a non-existent directory: '/opt/***/dags/data/curated'; 8049)
[2025-07-28T17:43:54.065+0000] {local_task_job_runner.py:240} INFO - Task exited with return code 1
[2025-07-28T17:43:54.090+0000] {taskinstance.py:3482} INFO - 0 downstream tasks scheduled from follow-on schedule check
[2025-07-28T17:43:54.097+0000] {local_task_job_runner.py:222} INFO - ::endgroup::
