[2025-07-28T12:43:38.553+0000] {local_task_job_runner.py:120} INFO - ::group::Pre task execution logs
[2025-07-28T12:43:39.097+0000] {taskinstance.py:2073} INFO - Dependencies all met for dep_context=non-requeueable deps ti=<TaskInstance: financial_etl_dag.ingest_data manual__2025-07-28T12:43:36.590512+00:00 [queued]>
[2025-07-28T12:43:39.110+0000] {taskinstance.py:2073} INFO - Dependencies all met for dep_context=requeueable deps ti=<TaskInstance: financial_etl_dag.ingest_data manual__2025-07-28T12:43:36.590512+00:00 [queued]>
[2025-07-28T12:43:39.111+0000] {taskinstance.py:2303} INFO - Starting attempt 1 of 2
[2025-07-28T12:43:39.128+0000] {taskinstance.py:2327} INFO - Executing <Task(PythonOperator): ingest_data> on 2025-07-28 12:43:36.590512+00:00
[2025-07-28T12:43:39.145+0000] {logging_mixin.py:188} WARNING - /home/***/.local/lib/python3.12/site-packages/***/task/task_runner/standard_task_runner.py:61 DeprecationWarning: This process (pid=321) is multi-threaded, use of fork() may lead to deadlocks in the child.
[2025-07-28T12:43:39.143+0000] {standard_task_runner.py:90} INFO - Running: ['***', 'tasks', 'run', 'financial_etl_dag', 'ingest_data', 'manual__2025-07-28T12:43:36.590512+00:00', '--job-id', '100', '--raw', '--subdir', 'DAGS_FOLDER/financial_etl_dag.py', '--cfg-path', '/tmp/tmppvqq0jml']
[2025-07-28T12:43:39.147+0000] {standard_task_runner.py:63} INFO - Started process 323 to run task
[2025-07-28T12:43:39.147+0000] {standard_task_runner.py:91} INFO - Job 100: Subtask ingest_data
[2025-07-28T12:43:39.274+0000] {task_command.py:426} INFO - Running <TaskInstance: financial_etl_dag.ingest_data manual__2025-07-28T12:43:36.590512+00:00 [running]> on host 3fd530ef422e
[2025-07-28T12:43:39.411+0000] {taskinstance.py:2644} INFO - Exporting env vars: AIRFLOW_CTX_DAG_OWNER='***' AIRFLOW_CTX_DAG_ID='financial_etl_dag' AIRFLOW_CTX_TASK_ID='ingest_data' AIRFLOW_CTX_EXECUTION_DATE='2025-07-28T12:43:36.590512+00:00' AIRFLOW_CTX_TRY_NUMBER='1' AIRFLOW_CTX_DAG_RUN_ID='manual__2025-07-28T12:43:36.590512+00:00'
[2025-07-28T12:43:39.414+0000] {taskinstance.py:430} INFO - ::endgroup::
[2025-07-28T12:43:39.492+0000] {logging_mixin.py:188} INFO - [INGEST] Loaded 3 rows
[2025-07-28T12:43:39.520+0000] {python.py:237} INFO - Done. Returned value was: None
[2025-07-28T12:43:39.523+0000] {taskinstance.py:441} INFO - ::group::Post task execution logs
[2025-07-28T12:43:39.539+0000] {taskinstance.py:1205} INFO - Marking task as SUCCESS. dag_id=financial_etl_dag, task_id=ingest_data, execution_date=20250728T124336, start_date=20250728T124339, end_date=20250728T124339
[2025-07-28T12:43:39.602+0000] {local_task_job_runner.py:240} INFO - Task exited with return code 0
[2025-07-28T12:43:39.622+0000] {logging_mixin.py:188} WARNING - /home/***/.local/lib/python3.12/site-packages/***/models/baseoperator.py:1296 AirflowProviderDeprecationWarning: Call to deprecated class PostgresOperator. (Please use `***.providers.common.sql.operators.sql.SQLExecuteQueryOperator`.Also, you can provide `hook_params={'schema': <database>}`.)
[2025-07-28T12:43:39.644+0000] {taskinstance.py:3482} INFO - 1 downstream tasks scheduled from follow-on schedule check
[2025-07-28T12:43:39.647+0000] {local_task_job_runner.py:222} INFO - ::endgroup::
