[2025-07-28T14:05:36.391+0000] {local_task_job_runner.py:120} INFO - ::group::Pre task execution logs
[2025-07-28T14:05:36.577+0000] {taskinstance.py:2073} INFO - Dependencies all met for dep_context=non-requeueable deps ti=<TaskInstance: financial_etl_dag.ingest_data manual__2025-07-28T14:05:34.750621+00:00 [queued]>
[2025-07-28T14:05:36.589+0000] {taskinstance.py:2073} INFO - Dependencies all met for dep_context=requeueable deps ti=<TaskInstance: financial_etl_dag.ingest_data manual__2025-07-28T14:05:34.750621+00:00 [queued]>
[2025-07-28T14:05:36.591+0000] {taskinstance.py:2303} INFO - Starting attempt 1 of 2
[2025-07-28T14:05:36.612+0000] {taskinstance.py:2327} INFO - Executing <Task(PythonOperator): ingest_data> on 2025-07-28 14:05:34.750621+00:00
[2025-07-28T14:05:36.622+0000] {standard_task_runner.py:90} INFO - Running: ['***', 'tasks', 'run', 'financial_etl_dag', 'ingest_data', 'manual__2025-07-28T14:05:34.750621+00:00', '--job-id', '119', '--raw', '--subdir', 'DAGS_FOLDER/financial_etl_dag.py', '--cfg-path', '/tmp/tmptw2h2wr6']
[2025-07-28T14:05:36.625+0000] {logging_mixin.py:188} WARNING - /home/***/.local/lib/python3.12/site-packages/***/task/task_runner/standard_task_runner.py:61 DeprecationWarning: This process (pid=221) is multi-threaded, use of fork() may lead to deadlocks in the child.
[2025-07-28T14:05:36.626+0000] {standard_task_runner.py:91} INFO - Job 119: Subtask ingest_data
[2025-07-28T14:05:36.626+0000] {standard_task_runner.py:63} INFO - Started process 223 to run task
[2025-07-28T14:05:36.730+0000] {task_command.py:426} INFO - Running <TaskInstance: financial_etl_dag.ingest_data manual__2025-07-28T14:05:34.750621+00:00 [running]> on host c9a4a3294b33
[2025-07-28T14:05:36.815+0000] {taskinstance.py:2644} INFO - Exporting env vars: AIRFLOW_CTX_DAG_OWNER='***' AIRFLOW_CTX_DAG_ID='financial_etl_dag' AIRFLOW_CTX_TASK_ID='ingest_data' AIRFLOW_CTX_EXECUTION_DATE='2025-07-28T14:05:34.750621+00:00' AIRFLOW_CTX_TRY_NUMBER='1' AIRFLOW_CTX_DAG_RUN_ID='manual__2025-07-28T14:05:34.750621+00:00'
[2025-07-28T14:05:36.817+0000] {taskinstance.py:430} INFO - ::endgroup::
[2025-07-28T14:05:36.848+0000] {logging_mixin.py:188} INFO - [INGEST] Loaded 3 rows from raw CSV
[2025-07-28T14:05:36.864+0000] {python.py:237} INFO - Done. Returned value was: None
[2025-07-28T14:05:36.865+0000] {taskinstance.py:441} INFO - ::group::Post task execution logs
[2025-07-28T14:05:36.873+0000] {taskinstance.py:1205} INFO - Marking task as SUCCESS. dag_id=financial_etl_dag, task_id=ingest_data, execution_date=20250728T140534, start_date=20250728T140536, end_date=20250728T140536
[2025-07-28T14:05:36.922+0000] {local_task_job_runner.py:240} INFO - Task exited with return code 0
[2025-07-28T14:05:36.934+0000] {logging_mixin.py:188} WARNING - /home/***/.local/lib/python3.12/site-packages/***/models/baseoperator.py:1296 AirflowProviderDeprecationWarning: Call to deprecated class PostgresOperator. (Please use `***.providers.common.sql.operators.sql.SQLExecuteQueryOperator`.Also, you can provide `hook_params={'schema': <database>}`.)
[2025-07-28T14:05:36.947+0000] {taskinstance.py:3482} INFO - 1 downstream tasks scheduled from follow-on schedule check
[2025-07-28T14:05:36.950+0000] {local_task_job_runner.py:222} INFO - ::endgroup::
