[2025-07-28T12:46:09.997+0000] {local_task_job_runner.py:120} INFO - ::group::Pre task execution logs
[2025-07-28T12:46:11.786+0000] {taskinstance.py:2073} INFO - Dependencies all met for dep_context=non-requeueable deps ti=<TaskInstance: financial_etl_dag.ingest_csv manual__2025-07-28T12:43:36.590512+00:00 [queued]>
[2025-07-28T12:46:11.839+0000] {taskinstance.py:2073} INFO - Dependencies all met for dep_context=requeueable deps ti=<TaskInstance: financial_etl_dag.ingest_csv manual__2025-07-28T12:43:36.590512+00:00 [queued]>
[2025-07-28T12:46:11.848+0000] {taskinstance.py:2303} INFO - Starting attempt 1 of 2
[2025-07-28T12:46:12.015+0000] {taskinstance.py:2327} INFO - Executing <Task(PythonOperator): ingest_csv> on 2025-07-28 12:43:36.590512+00:00
[2025-07-28T12:46:12.139+0000] {standard_task_runner.py:90} INFO - Running: ['***', 'tasks', 'run', 'financial_etl_dag', 'ingest_csv', 'manual__2025-07-28T12:43:36.590512+00:00', '--job-id', '104', '--raw', '--subdir', 'DAGS_FOLDER/financial_etl_dag.py', '--cfg-path', '/tmp/tmpksedukzj']
[2025-07-28T12:46:12.180+0000] {standard_task_runner.py:91} INFO - Job 104: Subtask ingest_csv
[2025-07-28T12:46:12.178+0000] {logging_mixin.py:188} WARNING - /home/***/.local/lib/python3.12/site-packages/***/task/task_runner/standard_task_runner.py:61 DeprecationWarning: This process (pid=452) is multi-threaded, use of fork() may lead to deadlocks in the child.
[2025-07-28T12:46:12.189+0000] {standard_task_runner.py:63} INFO - Started process 460 to run task
[2025-07-28T12:46:12.613+0000] {task_command.py:426} INFO - Running <TaskInstance: financial_etl_dag.ingest_csv manual__2025-07-28T12:43:36.590512+00:00 [running]> on host 3fd530ef422e
[2025-07-28T12:46:13.149+0000] {taskinstance.py:2644} INFO - Exporting env vars: AIRFLOW_CTX_DAG_OWNER='***' AIRFLOW_CTX_DAG_ID='financial_etl_dag' AIRFLOW_CTX_TASK_ID='ingest_csv' AIRFLOW_CTX_EXECUTION_DATE='2025-07-28T12:43:36.590512+00:00' AIRFLOW_CTX_TRY_NUMBER='1' AIRFLOW_CTX_DAG_RUN_ID='manual__2025-07-28T12:43:36.590512+00:00'
[2025-07-28T12:46:13.157+0000] {taskinstance.py:430} INFO - ::endgroup::
[2025-07-28T12:46:13.227+0000] {logging_mixin.py:188} INFO - [INGEST] Reading file: /opt/***/dags/files/transactions.csv
[2025-07-28T12:46:13.248+0000] {taskinstance.py:441} INFO - ::group::Post task execution logs
[2025-07-28T12:46:13.249+0000] {taskinstance.py:2890} ERROR - Task failed with exception
Traceback (most recent call last):
  File "/home/airflow/.local/lib/python3.12/site-packages/airflow/models/taskinstance.py", line 465, in _execute_task
    result = _execute_callable(context=context, **execute_callable_kwargs)
             ^^^^^^^^^^^^^^^^^^^^^^^^^^^^^^^^^^^^^^^^^^^^^^^^^^^^^^^^^^^^^
  File "/home/airflow/.local/lib/python3.12/site-packages/airflow/models/taskinstance.py", line 432, in _execute_callable
    return execute_callable(context=context, **execute_callable_kwargs)
           ^^^^^^^^^^^^^^^^^^^^^^^^^^^^^^^^^^^^^^^^^^^^^^^^^^^^^^^^^^^^
  File "/home/airflow/.local/lib/python3.12/site-packages/airflow/models/baseoperator.py", line 400, in wrapper
    return func(self, *args, **kwargs)
           ^^^^^^^^^^^^^^^^^^^^^^^^^^^
  File "/home/airflow/.local/lib/python3.12/site-packages/airflow/operators/python.py", line 235, in execute
    return_value = self.execute_callable()
                   ^^^^^^^^^^^^^^^^^^^^^^^
  File "/home/airflow/.local/lib/python3.12/site-packages/airflow/operators/python.py", line 252, in execute_callable
    return self.python_callable(*self.op_args, **self.op_kwargs)
           ^^^^^^^^^^^^^^^^^^^^^^^^^^^^^^^^^^^^^^^^^^^^^^^^^^^^^
  File "/opt/airflow/dags/financial_etl_dag.py", line 40, in ingest_csv
    df = pd.read_csv(CSV_FILE)
         ^^^^^^^^^^^^^^^^^^^^^
  File "/home/airflow/.local/lib/python3.12/site-packages/pandas/io/parsers/readers.py", line 948, in read_csv
    return _read(filepath_or_buffer, kwds)
           ^^^^^^^^^^^^^^^^^^^^^^^^^^^^^^^
  File "/home/airflow/.local/lib/python3.12/site-packages/pandas/io/parsers/readers.py", line 611, in _read
    parser = TextFileReader(filepath_or_buffer, **kwds)
             ^^^^^^^^^^^^^^^^^^^^^^^^^^^^^^^^^^^^^^^^^^
  File "/home/airflow/.local/lib/python3.12/site-packages/pandas/io/parsers/readers.py", line 1448, in __init__
    self._engine = self._make_engine(f, self.engine)
                   ^^^^^^^^^^^^^^^^^^^^^^^^^^^^^^^^^
  File "/home/airflow/.local/lib/python3.12/site-packages/pandas/io/parsers/readers.py", line 1705, in _make_engine
    self.handles = get_handle(
                   ^^^^^^^^^^^
  File "/home/airflow/.local/lib/python3.12/site-packages/pandas/io/common.py", line 863, in get_handle
    handle = open(
             ^^^^^
FileNotFoundError: [Errno 2] No such file or directory: '/opt/airflow/dags/files/transactions.csv'
[2025-07-28T12:46:13.279+0000] {taskinstance.py:1205} INFO - Marking task as UP_FOR_RETRY. dag_id=financial_etl_dag, task_id=ingest_csv, execution_date=20250728T124336, start_date=20250728T124611, end_date=20250728T124613
[2025-07-28T12:46:13.302+0000] {standard_task_runner.py:110} ERROR - Failed to execute job 104 for task ingest_csv ([Errno 2] No such file or directory: '/opt/airflow/dags/files/transactions.csv'; 460)
[2025-07-28T12:46:13.354+0000] {local_task_job_runner.py:240} INFO - Task exited with return code 1
[2025-07-28T12:46:13.463+0000] {taskinstance.py:3482} INFO - 0 downstream tasks scheduled from follow-on schedule check
[2025-07-28T12:46:13.476+0000] {local_task_job_runner.py:222} INFO - ::endgroup::
