[2025-07-28T14:05:41.478+0000] {local_task_job_runner.py:120} INFO - ::group::Pre task execution logs
[2025-07-28T14:05:41.662+0000] {taskinstance.py:2073} INFO - Dependencies all met for dep_context=non-requeueable deps ti=<TaskInstance: financial_etl_dag.generate_monthly_summary manual__2025-07-28T14:05:34.750621+00:00 [queued]>
[2025-07-28T14:05:41.686+0000] {taskinstance.py:2073} INFO - Dependencies all met for dep_context=requeueable deps ti=<TaskInstance: financial_etl_dag.generate_monthly_summary manual__2025-07-28T14:05:34.750621+00:00 [queued]>
[2025-07-28T14:05:41.688+0000] {taskinstance.py:2303} INFO - Starting attempt 1 of 2
[2025-07-28T14:05:41.719+0000] {taskinstance.py:2327} INFO - Executing <Task(PostgresOperator): generate_monthly_summary> on 2025-07-28 14:05:34.750621+00:00
[2025-07-28T14:05:41.737+0000] {standard_task_runner.py:90} INFO - Running: ['***', 'tasks', 'run', 'financial_etl_dag', 'generate_monthly_summary', 'manual__2025-07-28T14:05:34.750621+00:00', '--job-id', '122', '--raw', '--subdir', 'DAGS_FOLDER/financial_etl_dag.py', '--cfg-path', '/tmp/tmpep76zouk']
[2025-07-28T14:05:41.746+0000] {standard_task_runner.py:91} INFO - Job 122: Subtask generate_monthly_summary
[2025-07-28T14:05:41.750+0000] {logging_mixin.py:188} WARNING - /home/***/.local/lib/python3.12/site-packages/***/task/task_runner/standard_task_runner.py:61 DeprecationWarning: This process (pid=230) is multi-threaded, use of fork() may lead to deadlocks in the child.
[2025-07-28T14:05:41.752+0000] {standard_task_runner.py:63} INFO - Started process 232 to run task
[2025-07-28T14:05:41.860+0000] {task_command.py:426} INFO - Running <TaskInstance: financial_etl_dag.generate_monthly_summary manual__2025-07-28T14:05:34.750621+00:00 [running]> on host c9a4a3294b33
[2025-07-28T14:05:41.958+0000] {taskinstance.py:2644} INFO - Exporting env vars: AIRFLOW_CTX_DAG_OWNER='***' AIRFLOW_CTX_DAG_ID='financial_etl_dag' AIRFLOW_CTX_TASK_ID='generate_monthly_summary' AIRFLOW_CTX_EXECUTION_DATE='2025-07-28T14:05:34.750621+00:00' AIRFLOW_CTX_TRY_NUMBER='1' AIRFLOW_CTX_DAG_RUN_ID='manual__2025-07-28T14:05:34.750621+00:00'
[2025-07-28T14:05:41.960+0000] {taskinstance.py:430} INFO - ::endgroup::
[2025-07-28T14:05:41.976+0000] {sql.py:276} INFO - Executing: CREATE TABLE IF NOT EXISTS monthly_summary AS
SELECT
    DATE_TRUNC('month', timestamp) AS month,
    COUNT(*) AS transaction_count,
    SUM(amount) AS total_amount,
    AVG(amount) AS avg_amount
FROM transactions
GROUP BY month
ORDER BY month;
[2025-07-28T14:05:41.987+0000] {base.py:84} INFO - Using connection ID '***_db' for task execution.
[2025-07-28T14:05:41.996+0000] {base.py:84} INFO - Using connection ID '***_db' for task execution.
[2025-07-28T14:05:42.003+0000] {sql.py:457} INFO - Running statement: CREATE TABLE IF NOT EXISTS monthly_summary AS
SELECT
    DATE_TRUNC('month', timestamp) AS month,
    COUNT(*) AS transaction_count,
    SUM(amount) AS total_amount,
    AVG(amount) AS avg_amount
FROM transactions
GROUP BY month
ORDER BY month;, parameters: None
[2025-07-28T14:05:42.009+0000] {logging_mixin.py:188} WARNING - /home/***/.local/lib/python3.12/site-packages/***/providers/common/sql/hooks/sql.py:407 AirflowProviderDeprecationWarning: Call to deprecated method _make_common_data_structure. (The `_make_serializable` method is deprecated and support will be removed in a future version of the common.sql provider. Please update the DbApiHook's provider to a version based on common.sql >= 1.9.1.)
[2025-07-28T14:05:42.010+0000] {taskinstance.py:441} INFO - ::group::Post task execution logs
[2025-07-28T14:05:42.023+0000] {taskinstance.py:1205} INFO - Marking task as SUCCESS. dag_id=financial_etl_dag, task_id=generate_monthly_summary, execution_date=20250728T140534, start_date=20250728T140541, end_date=20250728T140542
[2025-07-28T14:05:42.047+0000] {local_task_job_runner.py:240} INFO - Task exited with return code 0
[2025-07-28T14:05:42.064+0000] {taskinstance.py:3482} INFO - 0 downstream tasks scheduled from follow-on schedule check
[2025-07-28T14:05:42.067+0000] {local_task_job_runner.py:222} INFO - ::endgroup::
