[2025-07-27T17:25:26.768+0000] {processor.py:161} INFO - Started process (PID=164) to work on /opt/airflow/dags/data/analytics_dag.py
[2025-07-27T17:25:26.771+0000] {processor.py:830} INFO - Processing file /opt/airflow/dags/data/analytics_dag.py for tasks to queue
[2025-07-27T17:25:26.777+0000] {logging_mixin.py:188} INFO - [2025-07-27T17:25:26.776+0000] {dagbag.py:540} INFO - Filling up the DagBag from /opt/airflow/dags/data/analytics_dag.py
[2025-07-27T17:25:30.388+0000] {processor.py:840} INFO - DAG(s) 'analytics_dag' retrieved from /opt/airflow/dags/data/analytics_dag.py
[2025-07-27T17:25:30.451+0000] {logging_mixin.py:188} INFO - [2025-07-27T17:25:30.450+0000] {dag.py:3096} INFO - Sync 1 DAGs
[2025-07-27T17:25:30.731+0000] {logging_mixin.py:188} INFO - [2025-07-27T17:25:30.730+0000] {dag.py:3954} INFO - Setting next_dagrun for analytics_dag to None, run_after=None
[2025-07-27T17:25:30.766+0000] {processor.py:183} INFO - Processing /opt/airflow/dags/data/analytics_dag.py took 4.016 seconds
[2025-07-27T17:26:00.877+0000] {processor.py:161} INFO - Started process (PID=186) to work on /opt/airflow/dags/data/analytics_dag.py
[2025-07-27T17:26:00.878+0000] {processor.py:830} INFO - Processing file /opt/airflow/dags/data/analytics_dag.py for tasks to queue
[2025-07-27T17:26:00.881+0000] {logging_mixin.py:188} INFO - [2025-07-27T17:26:00.881+0000] {dagbag.py:540} INFO - Filling up the DagBag from /opt/airflow/dags/data/analytics_dag.py
[2025-07-27T17:26:01.204+0000] {processor.py:840} INFO - DAG(s) 'analytics_dag' retrieved from /opt/airflow/dags/data/analytics_dag.py
[2025-07-27T17:26:02.678+0000] {logging_mixin.py:188} INFO - [2025-07-27T17:26:02.675+0000] {dag.py:3096} INFO - Sync 1 DAGs
[2025-07-27T17:26:02.696+0000] {logging_mixin.py:188} INFO - [2025-07-27T17:26:02.696+0000] {dag.py:3954} INFO - Setting next_dagrun for analytics_dag to None, run_after=None
[2025-07-27T17:26:02.729+0000] {processor.py:183} INFO - Processing /opt/airflow/dags/data/analytics_dag.py took 1.860 seconds
[2025-07-27T17:26:33.234+0000] {processor.py:161} INFO - Started process (PID=208) to work on /opt/airflow/dags/data/analytics_dag.py
[2025-07-27T17:26:33.235+0000] {processor.py:830} INFO - Processing file /opt/airflow/dags/data/analytics_dag.py for tasks to queue
[2025-07-27T17:26:33.237+0000] {logging_mixin.py:188} INFO - [2025-07-27T17:26:33.237+0000] {dagbag.py:540} INFO - Filling up the DagBag from /opt/airflow/dags/data/analytics_dag.py
[2025-07-27T17:26:33.677+0000] {processor.py:840} INFO - DAG(s) 'analytics_dag' retrieved from /opt/airflow/dags/data/analytics_dag.py
[2025-07-27T17:26:33.896+0000] {logging_mixin.py:188} INFO - [2025-07-27T17:26:33.895+0000] {dag.py:3096} INFO - Sync 1 DAGs
[2025-07-27T17:26:33.906+0000] {logging_mixin.py:188} INFO - [2025-07-27T17:26:33.906+0000] {dag.py:3954} INFO - Setting next_dagrun for analytics_dag to None, run_after=None
[2025-07-27T17:26:33.927+0000] {processor.py:183} INFO - Processing /opt/airflow/dags/data/analytics_dag.py took 0.699 seconds
[2025-07-27T17:27:04.281+0000] {processor.py:161} INFO - Started process (PID=230) to work on /opt/airflow/dags/data/analytics_dag.py
[2025-07-27T17:27:04.282+0000] {processor.py:830} INFO - Processing file /opt/airflow/dags/data/analytics_dag.py for tasks to queue
[2025-07-27T17:27:04.285+0000] {logging_mixin.py:188} INFO - [2025-07-27T17:27:04.285+0000] {dagbag.py:540} INFO - Filling up the DagBag from /opt/airflow/dags/data/analytics_dag.py
[2025-07-27T17:27:04.956+0000] {processor.py:840} INFO - DAG(s) 'analytics_dag' retrieved from /opt/airflow/dags/data/analytics_dag.py
[2025-07-27T17:27:04.981+0000] {logging_mixin.py:188} INFO - [2025-07-27T17:27:04.981+0000] {dag.py:3096} INFO - Sync 1 DAGs
[2025-07-27T17:27:04.997+0000] {logging_mixin.py:188} INFO - [2025-07-27T17:27:04.997+0000] {dag.py:3954} INFO - Setting next_dagrun for analytics_dag to None, run_after=None
[2025-07-27T17:27:05.019+0000] {processor.py:183} INFO - Processing /opt/airflow/dags/data/analytics_dag.py took 0.745 seconds
[2025-07-27T17:27:35.209+0000] {processor.py:161} INFO - Started process (PID=252) to work on /opt/airflow/dags/data/analytics_dag.py
[2025-07-27T17:27:35.210+0000] {processor.py:830} INFO - Processing file /opt/airflow/dags/data/analytics_dag.py for tasks to queue
[2025-07-27T17:27:35.212+0000] {logging_mixin.py:188} INFO - [2025-07-27T17:27:35.212+0000] {dagbag.py:540} INFO - Filling up the DagBag from /opt/airflow/dags/data/analytics_dag.py
[2025-07-27T17:27:35.713+0000] {processor.py:840} INFO - DAG(s) 'analytics_dag' retrieved from /opt/airflow/dags/data/analytics_dag.py
[2025-07-27T17:27:35.733+0000] {logging_mixin.py:188} INFO - [2025-07-27T17:27:35.733+0000] {dag.py:3096} INFO - Sync 1 DAGs
[2025-07-27T17:27:35.743+0000] {logging_mixin.py:188} INFO - [2025-07-27T17:27:35.743+0000] {dag.py:3954} INFO - Setting next_dagrun for analytics_dag to None, run_after=None
[2025-07-27T17:27:35.765+0000] {processor.py:183} INFO - Processing /opt/airflow/dags/data/analytics_dag.py took 0.576 seconds
[2025-07-27T17:28:06.455+0000] {processor.py:161} INFO - Started process (PID=274) to work on /opt/airflow/dags/data/analytics_dag.py
[2025-07-27T17:28:06.456+0000] {processor.py:830} INFO - Processing file /opt/airflow/dags/data/analytics_dag.py for tasks to queue
[2025-07-27T17:28:06.458+0000] {logging_mixin.py:188} INFO - [2025-07-27T17:28:06.458+0000] {dagbag.py:540} INFO - Filling up the DagBag from /opt/airflow/dags/data/analytics_dag.py
[2025-07-27T17:28:06.968+0000] {processor.py:840} INFO - DAG(s) 'analytics_dag' retrieved from /opt/airflow/dags/data/analytics_dag.py
[2025-07-27T17:28:07.005+0000] {logging_mixin.py:188} INFO - [2025-07-27T17:28:07.005+0000] {dag.py:3096} INFO - Sync 1 DAGs
[2025-07-27T17:28:07.019+0000] {logging_mixin.py:188} INFO - [2025-07-27T17:28:07.018+0000] {dag.py:3954} INFO - Setting next_dagrun for analytics_dag to None, run_after=None
[2025-07-27T17:28:07.053+0000] {processor.py:183} INFO - Processing /opt/airflow/dags/data/analytics_dag.py took 0.604 seconds
[2025-07-27T17:28:38.071+0000] {processor.py:161} INFO - Started process (PID=296) to work on /opt/airflow/dags/data/analytics_dag.py
[2025-07-27T17:28:38.072+0000] {processor.py:830} INFO - Processing file /opt/airflow/dags/data/analytics_dag.py for tasks to queue
[2025-07-27T17:28:38.074+0000] {logging_mixin.py:188} INFO - [2025-07-27T17:28:38.074+0000] {dagbag.py:540} INFO - Filling up the DagBag from /opt/airflow/dags/data/analytics_dag.py
[2025-07-27T17:28:38.556+0000] {processor.py:840} INFO - DAG(s) 'analytics_dag' retrieved from /opt/airflow/dags/data/analytics_dag.py
[2025-07-27T17:28:38.578+0000] {logging_mixin.py:188} INFO - [2025-07-27T17:28:38.577+0000] {dag.py:3096} INFO - Sync 1 DAGs
[2025-07-27T17:28:38.587+0000] {logging_mixin.py:188} INFO - [2025-07-27T17:28:38.587+0000] {dag.py:3954} INFO - Setting next_dagrun for analytics_dag to None, run_after=None
[2025-07-27T17:28:38.612+0000] {processor.py:183} INFO - Processing /opt/airflow/dags/data/analytics_dag.py took 0.829 seconds
[2025-07-27T17:29:08.831+0000] {processor.py:161} INFO - Started process (PID=318) to work on /opt/airflow/dags/data/analytics_dag.py
[2025-07-27T17:29:08.833+0000] {processor.py:830} INFO - Processing file /opt/airflow/dags/data/analytics_dag.py for tasks to queue
[2025-07-27T17:29:08.835+0000] {logging_mixin.py:188} INFO - [2025-07-27T17:29:08.835+0000] {dagbag.py:540} INFO - Filling up the DagBag from /opt/airflow/dags/data/analytics_dag.py
[2025-07-27T17:29:09.454+0000] {processor.py:840} INFO - DAG(s) 'analytics_dag' retrieved from /opt/airflow/dags/data/analytics_dag.py
[2025-07-27T17:29:09.481+0000] {logging_mixin.py:188} INFO - [2025-07-27T17:29:09.481+0000] {dag.py:3096} INFO - Sync 1 DAGs
[2025-07-27T17:29:09.494+0000] {logging_mixin.py:188} INFO - [2025-07-27T17:29:09.494+0000] {dag.py:3954} INFO - Setting next_dagrun for analytics_dag to None, run_after=None
[2025-07-27T17:29:09.515+0000] {processor.py:183} INFO - Processing /opt/airflow/dags/data/analytics_dag.py took 0.690 seconds
[2025-07-27T17:29:39.685+0000] {processor.py:161} INFO - Started process (PID=340) to work on /opt/airflow/dags/data/analytics_dag.py
[2025-07-27T17:29:39.687+0000] {processor.py:830} INFO - Processing file /opt/airflow/dags/data/analytics_dag.py for tasks to queue
[2025-07-27T17:29:39.689+0000] {logging_mixin.py:188} INFO - [2025-07-27T17:29:39.689+0000] {dagbag.py:540} INFO - Filling up the DagBag from /opt/airflow/dags/data/analytics_dag.py
[2025-07-27T17:29:40.328+0000] {processor.py:840} INFO - DAG(s) 'analytics_dag' retrieved from /opt/airflow/dags/data/analytics_dag.py
[2025-07-27T17:29:40.353+0000] {logging_mixin.py:188} INFO - [2025-07-27T17:29:40.352+0000] {dag.py:3096} INFO - Sync 1 DAGs
[2025-07-27T17:29:40.365+0000] {logging_mixin.py:188} INFO - [2025-07-27T17:29:40.364+0000] {dag.py:3954} INFO - Setting next_dagrun for analytics_dag to None, run_after=None
[2025-07-27T17:29:40.385+0000] {processor.py:183} INFO - Processing /opt/airflow/dags/data/analytics_dag.py took 0.707 seconds
[2025-07-27T17:30:10.738+0000] {processor.py:161} INFO - Started process (PID=362) to work on /opt/airflow/dags/data/analytics_dag.py
[2025-07-27T17:30:10.739+0000] {processor.py:830} INFO - Processing file /opt/airflow/dags/data/analytics_dag.py for tasks to queue
[2025-07-27T17:30:10.741+0000] {logging_mixin.py:188} INFO - [2025-07-27T17:30:10.741+0000] {dagbag.py:540} INFO - Filling up the DagBag from /opt/airflow/dags/data/analytics_dag.py
[2025-07-27T17:30:11.312+0000] {processor.py:840} INFO - DAG(s) 'analytics_dag' retrieved from /opt/airflow/dags/data/analytics_dag.py
[2025-07-27T17:30:11.335+0000] {logging_mixin.py:188} INFO - [2025-07-27T17:30:11.334+0000] {dag.py:3096} INFO - Sync 1 DAGs
[2025-07-27T17:30:11.345+0000] {logging_mixin.py:188} INFO - [2025-07-27T17:30:11.345+0000] {dag.py:3954} INFO - Setting next_dagrun for analytics_dag to None, run_after=None
[2025-07-27T17:30:11.367+0000] {processor.py:183} INFO - Processing /opt/airflow/dags/data/analytics_dag.py took 0.639 seconds
[2025-07-27T17:30:41.562+0000] {processor.py:161} INFO - Started process (PID=384) to work on /opt/airflow/dags/data/analytics_dag.py
[2025-07-27T17:30:41.563+0000] {processor.py:830} INFO - Processing file /opt/airflow/dags/data/analytics_dag.py for tasks to queue
[2025-07-27T17:30:41.565+0000] {logging_mixin.py:188} INFO - [2025-07-27T17:30:41.564+0000] {dagbag.py:540} INFO - Filling up the DagBag from /opt/airflow/dags/data/analytics_dag.py
[2025-07-27T17:30:42.151+0000] {processor.py:840} INFO - DAG(s) 'analytics_dag' retrieved from /opt/airflow/dags/data/analytics_dag.py
[2025-07-27T17:30:42.178+0000] {logging_mixin.py:188} INFO - [2025-07-27T17:30:42.178+0000] {dag.py:3096} INFO - Sync 1 DAGs
[2025-07-27T17:30:42.189+0000] {logging_mixin.py:188} INFO - [2025-07-27T17:30:42.189+0000] {dag.py:3954} INFO - Setting next_dagrun for analytics_dag to None, run_after=None
[2025-07-27T17:30:42.214+0000] {processor.py:183} INFO - Processing /opt/airflow/dags/data/analytics_dag.py took 0.662 seconds
[2025-07-27T17:31:12.329+0000] {processor.py:161} INFO - Started process (PID=406) to work on /opt/airflow/dags/data/analytics_dag.py
[2025-07-27T17:31:12.330+0000] {processor.py:830} INFO - Processing file /opt/airflow/dags/data/analytics_dag.py for tasks to queue
[2025-07-27T17:31:12.332+0000] {logging_mixin.py:188} INFO - [2025-07-27T17:31:12.331+0000] {dagbag.py:540} INFO - Filling up the DagBag from /opt/airflow/dags/data/analytics_dag.py
[2025-07-27T17:31:12.943+0000] {processor.py:840} INFO - DAG(s) 'analytics_dag' retrieved from /opt/airflow/dags/data/analytics_dag.py
[2025-07-27T17:31:12.966+0000] {logging_mixin.py:188} INFO - [2025-07-27T17:31:12.965+0000] {dag.py:3096} INFO - Sync 1 DAGs
[2025-07-27T17:31:12.980+0000] {logging_mixin.py:188} INFO - [2025-07-27T17:31:12.979+0000] {dag.py:3954} INFO - Setting next_dagrun for analytics_dag to None, run_after=None
[2025-07-27T17:31:13.002+0000] {processor.py:183} INFO - Processing /opt/airflow/dags/data/analytics_dag.py took 0.679 seconds
[2025-07-27T17:31:43.293+0000] {processor.py:161} INFO - Started process (PID=428) to work on /opt/airflow/dags/data/analytics_dag.py
[2025-07-27T17:31:43.295+0000] {processor.py:830} INFO - Processing file /opt/airflow/dags/data/analytics_dag.py for tasks to queue
[2025-07-27T17:31:43.298+0000] {logging_mixin.py:188} INFO - [2025-07-27T17:31:43.298+0000] {dagbag.py:540} INFO - Filling up the DagBag from /opt/airflow/dags/data/analytics_dag.py
[2025-07-27T17:31:43.806+0000] {processor.py:840} INFO - DAG(s) 'analytics_dag' retrieved from /opt/airflow/dags/data/analytics_dag.py
[2025-07-27T17:31:43.827+0000] {logging_mixin.py:188} INFO - [2025-07-27T17:31:43.826+0000] {dag.py:3096} INFO - Sync 1 DAGs
[2025-07-27T17:31:43.836+0000] {logging_mixin.py:188} INFO - [2025-07-27T17:31:43.836+0000] {dag.py:3954} INFO - Setting next_dagrun for analytics_dag to None, run_after=None
[2025-07-27T17:31:43.864+0000] {processor.py:183} INFO - Processing /opt/airflow/dags/data/analytics_dag.py took 0.579 seconds
[2025-07-27T17:32:14.435+0000] {processor.py:161} INFO - Started process (PID=455) to work on /opt/airflow/dags/data/analytics_dag.py
[2025-07-27T17:32:14.436+0000] {processor.py:830} INFO - Processing file /opt/airflow/dags/data/analytics_dag.py for tasks to queue
[2025-07-27T17:32:14.438+0000] {logging_mixin.py:188} INFO - [2025-07-27T17:32:14.438+0000] {dagbag.py:540} INFO - Filling up the DagBag from /opt/airflow/dags/data/analytics_dag.py
[2025-07-27T17:32:14.948+0000] {processor.py:840} INFO - DAG(s) 'analytics_dag' retrieved from /opt/airflow/dags/data/analytics_dag.py
[2025-07-27T17:32:14.991+0000] {logging_mixin.py:188} INFO - [2025-07-27T17:32:14.990+0000] {dag.py:3096} INFO - Sync 1 DAGs
[2025-07-27T17:32:15.011+0000] {logging_mixin.py:188} INFO - [2025-07-27T17:32:15.010+0000] {dag.py:3954} INFO - Setting next_dagrun for analytics_dag to None, run_after=None
[2025-07-27T17:32:15.063+0000] {processor.py:183} INFO - Processing /opt/airflow/dags/data/analytics_dag.py took 0.638 seconds
[2025-07-27T17:32:45.319+0000] {processor.py:161} INFO - Started process (PID=477) to work on /opt/airflow/dags/data/analytics_dag.py
[2025-07-27T17:32:45.320+0000] {processor.py:830} INFO - Processing file /opt/airflow/dags/data/analytics_dag.py for tasks to queue
[2025-07-27T17:32:45.323+0000] {logging_mixin.py:188} INFO - [2025-07-27T17:32:45.322+0000] {dagbag.py:540} INFO - Filling up the DagBag from /opt/airflow/dags/data/analytics_dag.py
[2025-07-27T17:32:45.814+0000] {processor.py:840} INFO - DAG(s) 'analytics_dag' retrieved from /opt/airflow/dags/data/analytics_dag.py
[2025-07-27T17:32:45.838+0000] {logging_mixin.py:188} INFO - [2025-07-27T17:32:45.837+0000] {dag.py:3096} INFO - Sync 1 DAGs
[2025-07-27T17:32:45.847+0000] {logging_mixin.py:188} INFO - [2025-07-27T17:32:45.847+0000] {dag.py:3954} INFO - Setting next_dagrun for analytics_dag to None, run_after=None
[2025-07-27T17:32:45.869+0000] {processor.py:183} INFO - Processing /opt/airflow/dags/data/analytics_dag.py took 0.556 seconds
[2025-07-27T17:33:16.146+0000] {processor.py:161} INFO - Started process (PID=499) to work on /opt/airflow/dags/data/analytics_dag.py
[2025-07-27T17:33:16.147+0000] {processor.py:830} INFO - Processing file /opt/airflow/dags/data/analytics_dag.py for tasks to queue
[2025-07-27T17:33:16.149+0000] {logging_mixin.py:188} INFO - [2025-07-27T17:33:16.149+0000] {dagbag.py:540} INFO - Filling up the DagBag from /opt/airflow/dags/data/analytics_dag.py
[2025-07-27T17:33:16.648+0000] {processor.py:840} INFO - DAG(s) 'analytics_dag' retrieved from /opt/airflow/dags/data/analytics_dag.py
[2025-07-27T17:33:16.672+0000] {logging_mixin.py:188} INFO - [2025-07-27T17:33:16.672+0000] {dag.py:3096} INFO - Sync 1 DAGs
[2025-07-27T17:33:16.683+0000] {logging_mixin.py:188} INFO - [2025-07-27T17:33:16.683+0000] {dag.py:3954} INFO - Setting next_dagrun for analytics_dag to None, run_after=None
[2025-07-27T17:33:16.706+0000] {processor.py:183} INFO - Processing /opt/airflow/dags/data/analytics_dag.py took 0.566 seconds
[2025-07-27T17:33:46.775+0000] {processor.py:161} INFO - Started process (PID=521) to work on /opt/airflow/dags/data/analytics_dag.py
[2025-07-27T17:33:46.776+0000] {processor.py:830} INFO - Processing file /opt/airflow/dags/data/analytics_dag.py for tasks to queue
[2025-07-27T17:33:46.778+0000] {logging_mixin.py:188} INFO - [2025-07-27T17:33:46.778+0000] {dagbag.py:540} INFO - Filling up the DagBag from /opt/airflow/dags/data/analytics_dag.py
[2025-07-27T17:33:47.201+0000] {processor.py:840} INFO - DAG(s) 'analytics_dag' retrieved from /opt/airflow/dags/data/analytics_dag.py
[2025-07-27T17:33:47.227+0000] {logging_mixin.py:188} INFO - [2025-07-27T17:33:47.226+0000] {dag.py:3096} INFO - Sync 1 DAGs
[2025-07-27T17:33:47.236+0000] {logging_mixin.py:188} INFO - [2025-07-27T17:33:47.236+0000] {dag.py:3954} INFO - Setting next_dagrun for analytics_dag to None, run_after=None
[2025-07-27T17:33:47.261+0000] {processor.py:183} INFO - Processing /opt/airflow/dags/data/analytics_dag.py took 0.492 seconds
[2025-07-27T17:34:17.877+0000] {processor.py:161} INFO - Started process (PID=543) to work on /opt/airflow/dags/data/analytics_dag.py
[2025-07-27T17:34:17.878+0000] {processor.py:830} INFO - Processing file /opt/airflow/dags/data/analytics_dag.py for tasks to queue
[2025-07-27T17:34:17.881+0000] {logging_mixin.py:188} INFO - [2025-07-27T17:34:17.881+0000] {dagbag.py:540} INFO - Filling up the DagBag from /opt/airflow/dags/data/analytics_dag.py
[2025-07-27T17:34:18.525+0000] {processor.py:840} INFO - DAG(s) 'analytics_dag' retrieved from /opt/airflow/dags/data/analytics_dag.py
[2025-07-27T17:34:18.563+0000] {logging_mixin.py:188} INFO - [2025-07-27T17:34:18.562+0000] {dag.py:3096} INFO - Sync 1 DAGs
[2025-07-27T17:34:18.585+0000] {logging_mixin.py:188} INFO - [2025-07-27T17:34:18.585+0000] {dag.py:3954} INFO - Setting next_dagrun for analytics_dag to None, run_after=None
[2025-07-27T17:34:18.616+0000] {processor.py:183} INFO - Processing /opt/airflow/dags/data/analytics_dag.py took 0.746 seconds
[2025-07-27T17:34:49.672+0000] {processor.py:161} INFO - Started process (PID=575) to work on /opt/airflow/dags/data/analytics_dag.py
[2025-07-27T17:34:49.711+0000] {processor.py:830} INFO - Processing file /opt/airflow/dags/data/analytics_dag.py for tasks to queue
[2025-07-27T17:34:49.756+0000] {logging_mixin.py:188} INFO - [2025-07-27T17:34:49.750+0000] {dagbag.py:540} INFO - Filling up the DagBag from /opt/airflow/dags/data/analytics_dag.py
[2025-07-27T17:34:52.825+0000] {processor.py:840} INFO - DAG(s) 'analytics_dag' retrieved from /opt/airflow/dags/data/analytics_dag.py
[2025-07-27T17:34:52.952+0000] {logging_mixin.py:188} INFO - [2025-07-27T17:34:52.949+0000] {dag.py:3096} INFO - Sync 1 DAGs
[2025-07-27T17:34:52.996+0000] {logging_mixin.py:188} INFO - [2025-07-27T17:34:52.995+0000] {dag.py:3954} INFO - Setting next_dagrun for analytics_dag to None, run_after=None
[2025-07-27T17:34:53.070+0000] {processor.py:183} INFO - Processing /opt/airflow/dags/data/analytics_dag.py took 3.641 seconds
[2025-07-27T17:35:23.816+0000] {processor.py:161} INFO - Started process (PID=601) to work on /opt/airflow/dags/data/analytics_dag.py
[2025-07-27T17:35:23.818+0000] {processor.py:830} INFO - Processing file /opt/airflow/dags/data/analytics_dag.py for tasks to queue
[2025-07-27T17:35:23.821+0000] {logging_mixin.py:188} INFO - [2025-07-27T17:35:23.821+0000] {dagbag.py:540} INFO - Filling up the DagBag from /opt/airflow/dags/data/analytics_dag.py
[2025-07-27T17:35:25.744+0000] {processor.py:840} INFO - DAG(s) 'analytics_dag' retrieved from /opt/airflow/dags/data/analytics_dag.py
[2025-07-27T17:35:25.848+0000] {logging_mixin.py:188} INFO - [2025-07-27T17:35:25.847+0000] {dag.py:3096} INFO - Sync 1 DAGs
[2025-07-27T17:35:25.865+0000] {logging_mixin.py:188} INFO - [2025-07-27T17:35:25.865+0000] {dag.py:3954} INFO - Setting next_dagrun for analytics_dag to None, run_after=None
[2025-07-27T17:35:25.901+0000] {processor.py:183} INFO - Processing /opt/airflow/dags/data/analytics_dag.py took 2.094 seconds
[2025-07-27T17:35:56.266+0000] {processor.py:161} INFO - Started process (PID=623) to work on /opt/airflow/dags/data/analytics_dag.py
[2025-07-27T17:35:56.268+0000] {processor.py:830} INFO - Processing file /opt/airflow/dags/data/analytics_dag.py for tasks to queue
[2025-07-27T17:35:56.272+0000] {logging_mixin.py:188} INFO - [2025-07-27T17:35:56.271+0000] {dagbag.py:540} INFO - Filling up the DagBag from /opt/airflow/dags/data/analytics_dag.py
[2025-07-27T17:35:57.078+0000] {processor.py:840} INFO - DAG(s) 'analytics_dag' retrieved from /opt/airflow/dags/data/analytics_dag.py
[2025-07-27T17:35:57.112+0000] {logging_mixin.py:188} INFO - [2025-07-27T17:35:57.111+0000] {dag.py:3096} INFO - Sync 1 DAGs
[2025-07-27T17:35:57.125+0000] {logging_mixin.py:188} INFO - [2025-07-27T17:35:57.125+0000] {dag.py:3954} INFO - Setting next_dagrun for analytics_dag to None, run_after=None
[2025-07-27T17:35:57.159+0000] {processor.py:183} INFO - Processing /opt/airflow/dags/data/analytics_dag.py took 0.901 seconds
[2025-07-27T17:36:27.257+0000] {processor.py:161} INFO - Started process (PID=645) to work on /opt/airflow/dags/data/analytics_dag.py
[2025-07-27T17:36:27.259+0000] {processor.py:830} INFO - Processing file /opt/airflow/dags/data/analytics_dag.py for tasks to queue
[2025-07-27T17:36:27.261+0000] {logging_mixin.py:188} INFO - [2025-07-27T17:36:27.261+0000] {dagbag.py:540} INFO - Filling up the DagBag from /opt/airflow/dags/data/analytics_dag.py
[2025-07-27T17:36:26.358+0000] {processor.py:840} INFO - DAG(s) 'analytics_dag' retrieved from /opt/airflow/dags/data/analytics_dag.py
[2025-07-27T17:36:26.479+0000] {logging_mixin.py:188} INFO - [2025-07-27T17:36:26.479+0000] {dag.py:3096} INFO - Sync 1 DAGs
[2025-07-27T17:36:26.522+0000] {logging_mixin.py:188} INFO - [2025-07-27T17:36:26.522+0000] {dag.py:3954} INFO - Setting next_dagrun for analytics_dag to None, run_after=None
[2025-07-27T17:36:26.551+0000] {processor.py:183} INFO - Processing /opt/airflow/dags/data/analytics_dag.py took 0.973 seconds
[2025-07-27T17:36:56.814+0000] {processor.py:161} INFO - Started process (PID=667) to work on /opt/airflow/dags/data/analytics_dag.py
[2025-07-27T17:36:56.816+0000] {processor.py:830} INFO - Processing file /opt/airflow/dags/data/analytics_dag.py for tasks to queue
[2025-07-27T17:36:56.822+0000] {logging_mixin.py:188} INFO - [2025-07-27T17:36:56.821+0000] {dagbag.py:540} INFO - Filling up the DagBag from /opt/airflow/dags/data/analytics_dag.py
[2025-07-27T17:36:57.703+0000] {processor.py:840} INFO - DAG(s) 'analytics_dag' retrieved from /opt/airflow/dags/data/analytics_dag.py
[2025-07-27T17:36:57.860+0000] {logging_mixin.py:188} INFO - [2025-07-27T17:36:57.858+0000] {dag.py:3096} INFO - Sync 1 DAGs
[2025-07-27T17:36:57.934+0000] {logging_mixin.py:188} INFO - [2025-07-27T17:36:57.934+0000] {dag.py:3954} INFO - Setting next_dagrun for analytics_dag to None, run_after=None
[2025-07-27T17:36:58.047+0000] {processor.py:183} INFO - Processing /opt/airflow/dags/data/analytics_dag.py took 1.241 seconds
[2025-07-27T17:37:28.324+0000] {processor.py:161} INFO - Started process (PID=689) to work on /opt/airflow/dags/data/analytics_dag.py
[2025-07-27T17:37:28.326+0000] {processor.py:830} INFO - Processing file /opt/airflow/dags/data/analytics_dag.py for tasks to queue
[2025-07-27T17:37:28.328+0000] {logging_mixin.py:188} INFO - [2025-07-27T17:37:28.328+0000] {dagbag.py:540} INFO - Filling up the DagBag from /opt/airflow/dags/data/analytics_dag.py
[2025-07-27T17:37:29.158+0000] {processor.py:840} INFO - DAG(s) 'analytics_dag' retrieved from /opt/airflow/dags/data/analytics_dag.py
[2025-07-27T17:37:29.228+0000] {logging_mixin.py:188} INFO - [2025-07-27T17:37:29.227+0000] {dag.py:3096} INFO - Sync 1 DAGs
[2025-07-27T17:37:29.246+0000] {logging_mixin.py:188} INFO - [2025-07-27T17:37:29.245+0000] {dag.py:3954} INFO - Setting next_dagrun for analytics_dag to None, run_after=None
[2025-07-27T17:37:29.269+0000] {processor.py:183} INFO - Processing /opt/airflow/dags/data/analytics_dag.py took 0.952 seconds
[2025-07-27T17:37:59.532+0000] {processor.py:161} INFO - Started process (PID=714) to work on /opt/airflow/dags/data/analytics_dag.py
[2025-07-27T17:37:59.534+0000] {processor.py:830} INFO - Processing file /opt/airflow/dags/data/analytics_dag.py for tasks to queue
[2025-07-27T17:37:59.539+0000] {logging_mixin.py:188} INFO - [2025-07-27T17:37:59.538+0000] {dagbag.py:540} INFO - Filling up the DagBag from /opt/airflow/dags/data/analytics_dag.py
[2025-07-27T17:38:00.688+0000] {processor.py:840} INFO - DAG(s) 'analytics_dag' retrieved from /opt/airflow/dags/data/analytics_dag.py
[2025-07-27T17:38:00.874+0000] {logging_mixin.py:188} INFO - [2025-07-27T17:38:00.873+0000] {dag.py:3096} INFO - Sync 1 DAGs
[2025-07-27T17:38:00.963+0000] {logging_mixin.py:188} INFO - [2025-07-27T17:38:00.963+0000] {dag.py:3954} INFO - Setting next_dagrun for analytics_dag to None, run_after=None
[2025-07-27T17:38:01.051+0000] {processor.py:183} INFO - Processing /opt/airflow/dags/data/analytics_dag.py took 1.529 seconds
[2025-07-27T17:38:31.277+0000] {processor.py:161} INFO - Started process (PID=736) to work on /opt/airflow/dags/data/analytics_dag.py
[2025-07-27T17:38:31.280+0000] {processor.py:830} INFO - Processing file /opt/airflow/dags/data/analytics_dag.py for tasks to queue
[2025-07-27T17:38:31.283+0000] {logging_mixin.py:188} INFO - [2025-07-27T17:38:31.283+0000] {dagbag.py:540} INFO - Filling up the DagBag from /opt/airflow/dags/data/analytics_dag.py
[2025-07-27T17:38:32.344+0000] {processor.py:840} INFO - DAG(s) 'analytics_dag' retrieved from /opt/airflow/dags/data/analytics_dag.py
[2025-07-27T17:38:32.504+0000] {logging_mixin.py:188} INFO - [2025-07-27T17:38:32.503+0000] {dag.py:3096} INFO - Sync 1 DAGs
[2025-07-27T17:38:32.583+0000] {logging_mixin.py:188} INFO - [2025-07-27T17:38:32.582+0000] {dag.py:3954} INFO - Setting next_dagrun for analytics_dag to None, run_after=None
[2025-07-27T17:38:32.677+0000] {processor.py:183} INFO - Processing /opt/airflow/dags/data/analytics_dag.py took 1.409 seconds
[2025-07-27T17:39:02.847+0000] {processor.py:161} INFO - Started process (PID=758) to work on /opt/airflow/dags/data/analytics_dag.py
[2025-07-27T17:39:02.849+0000] {processor.py:830} INFO - Processing file /opt/airflow/dags/data/analytics_dag.py for tasks to queue
[2025-07-27T17:39:02.851+0000] {logging_mixin.py:188} INFO - [2025-07-27T17:39:02.850+0000] {dagbag.py:540} INFO - Filling up the DagBag from /opt/airflow/dags/data/analytics_dag.py
[2025-07-27T17:39:03.364+0000] {processor.py:840} INFO - DAG(s) 'analytics_dag' retrieved from /opt/airflow/dags/data/analytics_dag.py
[2025-07-27T17:39:03.391+0000] {logging_mixin.py:188} INFO - [2025-07-27T17:39:03.390+0000] {dag.py:3096} INFO - Sync 1 DAGs
[2025-07-27T17:39:03.401+0000] {logging_mixin.py:188} INFO - [2025-07-27T17:39:03.400+0000] {dag.py:3954} INFO - Setting next_dagrun for analytics_dag to None, run_after=None
[2025-07-27T17:39:03.428+0000] {processor.py:183} INFO - Processing /opt/airflow/dags/data/analytics_dag.py took 0.590 seconds
[2025-07-27T17:39:33.690+0000] {processor.py:161} INFO - Started process (PID=780) to work on /opt/airflow/dags/data/analytics_dag.py
[2025-07-27T17:39:33.691+0000] {processor.py:830} INFO - Processing file /opt/airflow/dags/data/analytics_dag.py for tasks to queue
[2025-07-27T17:39:33.692+0000] {logging_mixin.py:188} INFO - [2025-07-27T17:39:33.692+0000] {dagbag.py:540} INFO - Filling up the DagBag from /opt/airflow/dags/data/analytics_dag.py
[2025-07-27T17:39:34.197+0000] {processor.py:840} INFO - DAG(s) 'analytics_dag' retrieved from /opt/airflow/dags/data/analytics_dag.py
[2025-07-27T17:39:34.221+0000] {logging_mixin.py:188} INFO - [2025-07-27T17:39:34.220+0000] {dag.py:3096} INFO - Sync 1 DAGs
[2025-07-27T17:39:34.230+0000] {logging_mixin.py:188} INFO - [2025-07-27T17:39:34.230+0000] {dag.py:3954} INFO - Setting next_dagrun for analytics_dag to None, run_after=None
[2025-07-27T17:39:34.250+0000] {processor.py:183} INFO - Processing /opt/airflow/dags/data/analytics_dag.py took 0.567 seconds
[2025-07-27T17:40:04.387+0000] {processor.py:161} INFO - Started process (PID=805) to work on /opt/airflow/dags/data/analytics_dag.py
[2025-07-27T17:40:04.390+0000] {processor.py:830} INFO - Processing file /opt/airflow/dags/data/analytics_dag.py for tasks to queue
[2025-07-27T17:40:04.393+0000] {logging_mixin.py:188} INFO - [2025-07-27T17:40:04.393+0000] {dagbag.py:540} INFO - Filling up the DagBag from /opt/airflow/dags/data/analytics_dag.py
[2025-07-27T17:40:05.264+0000] {processor.py:840} INFO - DAG(s) 'analytics_dag' retrieved from /opt/airflow/dags/data/analytics_dag.py
[2025-07-27T17:40:05.372+0000] {logging_mixin.py:188} INFO - [2025-07-27T17:40:05.372+0000] {dag.py:3096} INFO - Sync 1 DAGs
[2025-07-27T17:40:05.418+0000] {logging_mixin.py:188} INFO - [2025-07-27T17:40:05.418+0000] {dag.py:3954} INFO - Setting next_dagrun for analytics_dag to None, run_after=None
[2025-07-27T17:40:05.464+0000] {processor.py:183} INFO - Processing /opt/airflow/dags/data/analytics_dag.py took 1.083 seconds
[2025-07-27T17:40:35.858+0000] {processor.py:161} INFO - Started process (PID=827) to work on /opt/airflow/dags/data/analytics_dag.py
[2025-07-27T17:40:35.860+0000] {processor.py:830} INFO - Processing file /opt/airflow/dags/data/analytics_dag.py for tasks to queue
[2025-07-27T17:40:35.862+0000] {logging_mixin.py:188} INFO - [2025-07-27T17:40:35.862+0000] {dagbag.py:540} INFO - Filling up the DagBag from /opt/airflow/dags/data/analytics_dag.py
[2025-07-27T17:40:36.353+0000] {processor.py:840} INFO - DAG(s) 'analytics_dag' retrieved from /opt/airflow/dags/data/analytics_dag.py
[2025-07-27T17:40:36.382+0000] {logging_mixin.py:188} INFO - [2025-07-27T17:40:36.381+0000] {dag.py:3096} INFO - Sync 1 DAGs
[2025-07-27T17:40:36.401+0000] {logging_mixin.py:188} INFO - [2025-07-27T17:40:36.401+0000] {dag.py:3954} INFO - Setting next_dagrun for analytics_dag to None, run_after=None
[2025-07-27T17:40:36.436+0000] {processor.py:183} INFO - Processing /opt/airflow/dags/data/analytics_dag.py took 0.586 seconds
[2025-07-27T17:41:07.476+0000] {processor.py:161} INFO - Started process (PID=849) to work on /opt/airflow/dags/data/analytics_dag.py
[2025-07-27T17:41:07.477+0000] {processor.py:830} INFO - Processing file /opt/airflow/dags/data/analytics_dag.py for tasks to queue
[2025-07-27T17:41:07.480+0000] {logging_mixin.py:188} INFO - [2025-07-27T17:41:07.479+0000] {dagbag.py:540} INFO - Filling up the DagBag from /opt/airflow/dags/data/analytics_dag.py
[2025-07-27T17:41:07.998+0000] {processor.py:840} INFO - DAG(s) 'analytics_dag' retrieved from /opt/airflow/dags/data/analytics_dag.py
[2025-07-27T17:41:08.020+0000] {logging_mixin.py:188} INFO - [2025-07-27T17:41:08.020+0000] {dag.py:3096} INFO - Sync 1 DAGs
[2025-07-27T17:41:08.030+0000] {logging_mixin.py:188} INFO - [2025-07-27T17:41:08.030+0000] {dag.py:3954} INFO - Setting next_dagrun for analytics_dag to None, run_after=None
[2025-07-27T17:41:08.050+0000] {processor.py:183} INFO - Processing /opt/airflow/dags/data/analytics_dag.py took 0.582 seconds
[2025-07-27T17:41:38.177+0000] {processor.py:161} INFO - Started process (PID=871) to work on /opt/airflow/dags/data/analytics_dag.py
[2025-07-27T17:41:38.178+0000] {processor.py:830} INFO - Processing file /opt/airflow/dags/data/analytics_dag.py for tasks to queue
[2025-07-27T17:41:38.181+0000] {logging_mixin.py:188} INFO - [2025-07-27T17:41:38.181+0000] {dagbag.py:540} INFO - Filling up the DagBag from /opt/airflow/dags/data/analytics_dag.py
[2025-07-27T17:41:39.006+0000] {processor.py:840} INFO - DAG(s) 'analytics_dag' retrieved from /opt/airflow/dags/data/analytics_dag.py
[2025-07-27T17:41:39.035+0000] {logging_mixin.py:188} INFO - [2025-07-27T17:41:39.034+0000] {dag.py:3096} INFO - Sync 1 DAGs
[2025-07-27T17:41:39.045+0000] {logging_mixin.py:188} INFO - [2025-07-27T17:41:39.045+0000] {dag.py:3954} INFO - Setting next_dagrun for analytics_dag to None, run_after=None
[2025-07-27T17:41:38.337+0000] {processor.py:183} INFO - Processing /opt/airflow/dags/data/analytics_dag.py took 0.896 seconds
[2025-07-27T17:42:08.505+0000] {processor.py:161} INFO - Started process (PID=893) to work on /opt/airflow/dags/data/analytics_dag.py
[2025-07-27T17:42:08.506+0000] {processor.py:830} INFO - Processing file /opt/airflow/dags/data/analytics_dag.py for tasks to queue
[2025-07-27T17:42:08.508+0000] {logging_mixin.py:188} INFO - [2025-07-27T17:42:08.508+0000] {dagbag.py:540} INFO - Filling up the DagBag from /opt/airflow/dags/data/analytics_dag.py
[2025-07-27T17:42:08.988+0000] {processor.py:840} INFO - DAG(s) 'analytics_dag' retrieved from /opt/airflow/dags/data/analytics_dag.py
[2025-07-27T17:42:09.036+0000] {logging_mixin.py:188} INFO - [2025-07-27T17:42:09.035+0000] {dag.py:3096} INFO - Sync 1 DAGs
[2025-07-27T17:42:09.047+0000] {logging_mixin.py:188} INFO - [2025-07-27T17:42:09.047+0000] {dag.py:3954} INFO - Setting next_dagrun for analytics_dag to None, run_after=None
[2025-07-27T17:42:09.097+0000] {processor.py:183} INFO - Processing /opt/airflow/dags/data/analytics_dag.py took 0.598 seconds
[2025-07-27T17:42:39.318+0000] {processor.py:161} INFO - Started process (PID=915) to work on /opt/airflow/dags/data/analytics_dag.py
[2025-07-27T17:42:39.320+0000] {processor.py:830} INFO - Processing file /opt/airflow/dags/data/analytics_dag.py for tasks to queue
[2025-07-27T17:42:39.323+0000] {logging_mixin.py:188} INFO - [2025-07-27T17:42:39.322+0000] {dagbag.py:540} INFO - Filling up the DagBag from /opt/airflow/dags/data/analytics_dag.py
[2025-07-27T17:42:39.803+0000] {processor.py:840} INFO - DAG(s) 'analytics_dag' retrieved from /opt/airflow/dags/data/analytics_dag.py
[2025-07-27T17:42:39.841+0000] {logging_mixin.py:188} INFO - [2025-07-27T17:42:39.841+0000] {dag.py:3096} INFO - Sync 1 DAGs
[2025-07-27T17:42:39.852+0000] {logging_mixin.py:188} INFO - [2025-07-27T17:42:39.852+0000] {dag.py:3954} INFO - Setting next_dagrun for analytics_dag to None, run_after=None
[2025-07-27T17:42:39.889+0000] {processor.py:183} INFO - Processing /opt/airflow/dags/data/analytics_dag.py took 0.579 seconds
[2025-07-27T17:43:10.971+0000] {processor.py:161} INFO - Started process (PID=937) to work on /opt/airflow/dags/data/analytics_dag.py
[2025-07-27T17:43:10.972+0000] {processor.py:830} INFO - Processing file /opt/airflow/dags/data/analytics_dag.py for tasks to queue
[2025-07-27T17:43:10.974+0000] {logging_mixin.py:188} INFO - [2025-07-27T17:43:10.974+0000] {dagbag.py:540} INFO - Filling up the DagBag from /opt/airflow/dags/data/analytics_dag.py
[2025-07-27T17:43:11.454+0000] {processor.py:840} INFO - DAG(s) 'analytics_dag' retrieved from /opt/airflow/dags/data/analytics_dag.py
[2025-07-27T17:43:11.605+0000] {logging_mixin.py:188} INFO - [2025-07-27T17:43:11.604+0000] {dag.py:3096} INFO - Sync 1 DAGs
[2025-07-27T17:43:11.616+0000] {logging_mixin.py:188} INFO - [2025-07-27T17:43:11.616+0000] {dag.py:3954} INFO - Setting next_dagrun for analytics_dag to None, run_after=None
[2025-07-27T17:43:11.772+0000] {processor.py:183} INFO - Processing /opt/airflow/dags/data/analytics_dag.py took 0.807 seconds
[2025-07-27T17:43:42.113+0000] {processor.py:161} INFO - Started process (PID=959) to work on /opt/airflow/dags/data/analytics_dag.py
[2025-07-27T17:43:42.115+0000] {processor.py:830} INFO - Processing file /opt/airflow/dags/data/analytics_dag.py for tasks to queue
[2025-07-27T17:43:42.117+0000] {logging_mixin.py:188} INFO - [2025-07-27T17:43:42.117+0000] {dagbag.py:540} INFO - Filling up the DagBag from /opt/airflow/dags/data/analytics_dag.py
[2025-07-27T17:43:42.731+0000] {processor.py:840} INFO - DAG(s) 'analytics_dag' retrieved from /opt/airflow/dags/data/analytics_dag.py
[2025-07-27T17:43:42.761+0000] {logging_mixin.py:188} INFO - [2025-07-27T17:43:42.760+0000] {dag.py:3096} INFO - Sync 1 DAGs
[2025-07-27T17:43:42.775+0000] {logging_mixin.py:188} INFO - [2025-07-27T17:43:42.775+0000] {dag.py:3954} INFO - Setting next_dagrun for analytics_dag to None, run_after=None
[2025-07-27T17:43:42.802+0000] {processor.py:183} INFO - Processing /opt/airflow/dags/data/analytics_dag.py took 0.696 seconds
[2025-07-27T17:44:13.013+0000] {processor.py:161} INFO - Started process (PID=981) to work on /opt/airflow/dags/data/analytics_dag.py
[2025-07-27T17:44:13.014+0000] {processor.py:830} INFO - Processing file /opt/airflow/dags/data/analytics_dag.py for tasks to queue
[2025-07-27T17:44:13.016+0000] {logging_mixin.py:188} INFO - [2025-07-27T17:44:13.016+0000] {dagbag.py:540} INFO - Filling up the DagBag from /opt/airflow/dags/data/analytics_dag.py
[2025-07-27T17:44:13.506+0000] {processor.py:840} INFO - DAG(s) 'analytics_dag' retrieved from /opt/airflow/dags/data/analytics_dag.py
[2025-07-27T17:44:13.530+0000] {logging_mixin.py:188} INFO - [2025-07-27T17:44:13.530+0000] {dag.py:3096} INFO - Sync 1 DAGs
[2025-07-27T17:44:13.546+0000] {logging_mixin.py:188} INFO - [2025-07-27T17:44:13.545+0000] {dag.py:3954} INFO - Setting next_dagrun for analytics_dag to None, run_after=None
[2025-07-27T17:44:13.570+0000] {processor.py:183} INFO - Processing /opt/airflow/dags/data/analytics_dag.py took 0.562 seconds
[2025-07-27T17:44:43.673+0000] {processor.py:161} INFO - Started process (PID=1003) to work on /opt/airflow/dags/data/analytics_dag.py
[2025-07-27T17:44:43.675+0000] {processor.py:830} INFO - Processing file /opt/airflow/dags/data/analytics_dag.py for tasks to queue
[2025-07-27T17:44:43.677+0000] {logging_mixin.py:188} INFO - [2025-07-27T17:44:43.677+0000] {dagbag.py:540} INFO - Filling up the DagBag from /opt/airflow/dags/data/analytics_dag.py
[2025-07-27T17:44:44.192+0000] {processor.py:840} INFO - DAG(s) 'analytics_dag' retrieved from /opt/airflow/dags/data/analytics_dag.py
[2025-07-27T17:44:44.217+0000] {logging_mixin.py:188} INFO - [2025-07-27T17:44:44.217+0000] {dag.py:3096} INFO - Sync 1 DAGs
[2025-07-27T17:44:44.227+0000] {logging_mixin.py:188} INFO - [2025-07-27T17:44:44.227+0000] {dag.py:3954} INFO - Setting next_dagrun for analytics_dag to None, run_after=None
[2025-07-27T17:44:44.251+0000] {processor.py:183} INFO - Processing /opt/airflow/dags/data/analytics_dag.py took 0.586 seconds
[2025-07-27T17:45:14.404+0000] {processor.py:161} INFO - Started process (PID=1025) to work on /opt/airflow/dags/data/analytics_dag.py
[2025-07-27T17:45:14.405+0000] {processor.py:830} INFO - Processing file /opt/airflow/dags/data/analytics_dag.py for tasks to queue
[2025-07-27T17:45:14.407+0000] {logging_mixin.py:188} INFO - [2025-07-27T17:45:14.406+0000] {dagbag.py:540} INFO - Filling up the DagBag from /opt/airflow/dags/data/analytics_dag.py
[2025-07-27T17:45:14.880+0000] {processor.py:840} INFO - DAG(s) 'analytics_dag' retrieved from /opt/airflow/dags/data/analytics_dag.py
[2025-07-27T17:45:14.900+0000] {logging_mixin.py:188} INFO - [2025-07-27T17:45:14.900+0000] {dag.py:3096} INFO - Sync 1 DAGs
[2025-07-27T17:45:14.911+0000] {logging_mixin.py:188} INFO - [2025-07-27T17:45:14.911+0000] {dag.py:3954} INFO - Setting next_dagrun for analytics_dag to None, run_after=None
[2025-07-27T17:45:14.944+0000] {processor.py:183} INFO - Processing /opt/airflow/dags/data/analytics_dag.py took 0.547 seconds
[2025-07-27T17:45:45.571+0000] {processor.py:161} INFO - Started process (PID=1047) to work on /opt/airflow/dags/data/analytics_dag.py
[2025-07-27T17:45:45.572+0000] {processor.py:830} INFO - Processing file /opt/airflow/dags/data/analytics_dag.py for tasks to queue
[2025-07-27T17:45:45.574+0000] {logging_mixin.py:188} INFO - [2025-07-27T17:45:45.574+0000] {dagbag.py:540} INFO - Filling up the DagBag from /opt/airflow/dags/data/analytics_dag.py
[2025-07-27T17:45:46.078+0000] {processor.py:840} INFO - DAG(s) 'analytics_dag' retrieved from /opt/airflow/dags/data/analytics_dag.py
[2025-07-27T17:45:46.101+0000] {logging_mixin.py:188} INFO - [2025-07-27T17:45:46.101+0000] {dag.py:3096} INFO - Sync 1 DAGs
[2025-07-27T17:45:46.111+0000] {logging_mixin.py:188} INFO - [2025-07-27T17:45:46.111+0000] {dag.py:3954} INFO - Setting next_dagrun for analytics_dag to None, run_after=None
[2025-07-27T17:45:46.129+0000] {processor.py:183} INFO - Processing /opt/airflow/dags/data/analytics_dag.py took 0.565 seconds
[2025-07-27T17:46:16.199+0000] {processor.py:161} INFO - Started process (PID=1072) to work on /opt/airflow/dags/data/analytics_dag.py
[2025-07-27T17:46:16.200+0000] {processor.py:830} INFO - Processing file /opt/airflow/dags/data/analytics_dag.py for tasks to queue
[2025-07-27T17:46:16.204+0000] {logging_mixin.py:188} INFO - [2025-07-27T17:46:16.203+0000] {dagbag.py:540} INFO - Filling up the DagBag from /opt/airflow/dags/data/analytics_dag.py
[2025-07-27T17:46:17.091+0000] {processor.py:840} INFO - DAG(s) 'analytics_dag' retrieved from /opt/airflow/dags/data/analytics_dag.py
[2025-07-27T17:46:17.182+0000] {logging_mixin.py:188} INFO - [2025-07-27T17:46:17.181+0000] {dag.py:3096} INFO - Sync 1 DAGs
[2025-07-27T17:46:17.197+0000] {logging_mixin.py:188} INFO - [2025-07-27T17:46:17.197+0000] {dag.py:3954} INFO - Setting next_dagrun for analytics_dag to None, run_after=None
[2025-07-27T17:46:17.224+0000] {processor.py:183} INFO - Processing /opt/airflow/dags/data/analytics_dag.py took 1.031 seconds
[2025-07-27T17:46:47.414+0000] {processor.py:161} INFO - Started process (PID=1095) to work on /opt/airflow/dags/data/analytics_dag.py
[2025-07-27T17:46:47.416+0000] {processor.py:830} INFO - Processing file /opt/airflow/dags/data/analytics_dag.py for tasks to queue
[2025-07-27T17:46:47.418+0000] {logging_mixin.py:188} INFO - [2025-07-27T17:46:47.417+0000] {dagbag.py:540} INFO - Filling up the DagBag from /opt/airflow/dags/data/analytics_dag.py
[2025-07-27T17:46:47.913+0000] {processor.py:840} INFO - DAG(s) 'analytics_dag' retrieved from /opt/airflow/dags/data/analytics_dag.py
[2025-07-27T17:46:47.934+0000] {logging_mixin.py:188} INFO - [2025-07-27T17:46:47.933+0000] {dag.py:3096} INFO - Sync 1 DAGs
[2025-07-27T17:46:47.946+0000] {logging_mixin.py:188} INFO - [2025-07-27T17:46:47.946+0000] {dag.py:3954} INFO - Setting next_dagrun for analytics_dag to None, run_after=None
[2025-07-27T17:46:47.977+0000] {processor.py:183} INFO - Processing /opt/airflow/dags/data/analytics_dag.py took 0.568 seconds
[2025-07-27T17:47:18.604+0000] {processor.py:161} INFO - Started process (PID=1119) to work on /opt/airflow/dags/data/analytics_dag.py
[2025-07-27T17:47:18.605+0000] {processor.py:830} INFO - Processing file /opt/airflow/dags/data/analytics_dag.py for tasks to queue
[2025-07-27T17:47:18.607+0000] {logging_mixin.py:188} INFO - [2025-07-27T17:47:18.607+0000] {dagbag.py:540} INFO - Filling up the DagBag from /opt/airflow/dags/data/analytics_dag.py
[2025-07-27T17:47:19.065+0000] {processor.py:840} INFO - DAG(s) 'analytics_dag' retrieved from /opt/airflow/dags/data/analytics_dag.py
[2025-07-27T17:47:18.340+0000] {logging_mixin.py:188} INFO - [2025-07-27T17:47:18.339+0000] {dag.py:3096} INFO - Sync 1 DAGs
[2025-07-27T17:47:18.350+0000] {logging_mixin.py:188} INFO - [2025-07-27T17:47:18.349+0000] {dag.py:3954} INFO - Setting next_dagrun for analytics_dag to None, run_after=None
[2025-07-27T17:47:18.368+0000] {processor.py:183} INFO - Processing /opt/airflow/dags/data/analytics_dag.py took 0.519 seconds
[2025-07-27T17:47:48.600+0000] {processor.py:161} INFO - Started process (PID=1135) to work on /opt/airflow/dags/data/analytics_dag.py
[2025-07-27T17:47:48.601+0000] {processor.py:830} INFO - Processing file /opt/airflow/dags/data/analytics_dag.py for tasks to queue
[2025-07-27T17:47:48.605+0000] {logging_mixin.py:188} INFO - [2025-07-27T17:47:48.604+0000] {dagbag.py:540} INFO - Filling up the DagBag from /opt/airflow/dags/data/analytics_dag.py
[2025-07-27T17:47:49.444+0000] {processor.py:840} INFO - DAG(s) 'analytics_dag' retrieved from /opt/airflow/dags/data/analytics_dag.py
[2025-07-27T17:47:49.511+0000] {logging_mixin.py:188} INFO - [2025-07-27T17:47:49.510+0000] {dag.py:3096} INFO - Sync 1 DAGs
[2025-07-27T17:47:49.550+0000] {logging_mixin.py:188} INFO - [2025-07-27T17:47:49.550+0000] {dag.py:3954} INFO - Setting next_dagrun for analytics_dag to None, run_after=None
[2025-07-27T17:47:49.649+0000] {processor.py:183} INFO - Processing /opt/airflow/dags/data/analytics_dag.py took 1.057 seconds
[2025-07-27T17:48:20.504+0000] {processor.py:161} INFO - Started process (PID=1157) to work on /opt/airflow/dags/data/analytics_dag.py
[2025-07-27T17:48:20.609+0000] {processor.py:830} INFO - Processing file /opt/airflow/dags/data/analytics_dag.py for tasks to queue
[2025-07-27T17:48:20.613+0000] {logging_mixin.py:188} INFO - [2025-07-27T17:48:20.612+0000] {dagbag.py:540} INFO - Filling up the DagBag from /opt/airflow/dags/data/analytics_dag.py
[2025-07-27T17:48:21.505+0000] {processor.py:840} INFO - DAG(s) 'analytics_dag' retrieved from /opt/airflow/dags/data/analytics_dag.py
[2025-07-27T17:48:21.555+0000] {logging_mixin.py:188} INFO - [2025-07-27T17:48:21.555+0000] {dag.py:3096} INFO - Sync 1 DAGs
[2025-07-27T17:48:21.569+0000] {logging_mixin.py:188} INFO - [2025-07-27T17:48:21.568+0000] {dag.py:3954} INFO - Setting next_dagrun for analytics_dag to None, run_after=None
[2025-07-27T17:48:21.594+0000] {processor.py:183} INFO - Processing /opt/airflow/dags/data/analytics_dag.py took 1.097 seconds
[2025-07-27T17:48:52.110+0000] {processor.py:161} INFO - Started process (PID=1179) to work on /opt/airflow/dags/data/analytics_dag.py
[2025-07-27T17:48:52.112+0000] {processor.py:830} INFO - Processing file /opt/airflow/dags/data/analytics_dag.py for tasks to queue
[2025-07-27T17:48:52.115+0000] {logging_mixin.py:188} INFO - [2025-07-27T17:48:52.114+0000] {dagbag.py:540} INFO - Filling up the DagBag from /opt/airflow/dags/data/analytics_dag.py
[2025-07-27T17:48:52.630+0000] {processor.py:840} INFO - DAG(s) 'analytics_dag' retrieved from /opt/airflow/dags/data/analytics_dag.py
[2025-07-27T17:48:52.652+0000] {logging_mixin.py:188} INFO - [2025-07-27T17:48:52.652+0000] {dag.py:3096} INFO - Sync 1 DAGs
[2025-07-27T17:48:52.662+0000] {logging_mixin.py:188} INFO - [2025-07-27T17:48:52.662+0000] {dag.py:3954} INFO - Setting next_dagrun for analytics_dag to None, run_after=None
[2025-07-27T17:48:52.682+0000] {processor.py:183} INFO - Processing /opt/airflow/dags/data/analytics_dag.py took 0.578 seconds
